#
# A fatal error has been detected by the Java Runtime Environment:
#
#  EXCEPTION_IN_PAGE_ERROR (0xc0000006) at pc=0x00007ffd29dd1989, pid=4392, tid=11296
#
# JRE version:  (18.0.2.1+1) (build )
# Java VM: Java HotSpot(TM) 64-Bit Server VM (18.0.2.1+1-1, mixed mode, sharing, tiered, compressed oops, compressed class ptrs, g1 gc, windows-amd64)
# Problematic frame:
# C  [VCRUNTIME140.dll+0x1989]
#
# No core dump will be written. Minidumps are not enabled by default on client versions of Windows
#
#

---------------  S U M M A R Y ------------

Command Line: -Dfile.encoding=UTF-8 curso.java.main

Host: Intel(R) Core(TM) i7-3520M CPU @ 2.90GHz, 4 cores, 7G,  Windows 10 , 64 bit Build 19041 (10.0.19041.1889)
Time: Sun Oct 16 21:22:08 2022 Hora estándar, América Central elapsed time: 0.087119 seconds (0d 0h 0m 0s)

---------------  T H R E A D  ---------------

Current thread is native thread

Stack: [0x000000ffb1e00000,0x000000ffb1f00000],  sp=0x000000ffb1eff0a0,  free space=1020k
Native frames: (J=compiled Java code, j=interpreted, Vv=VM code, C=native code)
C  [VCRUNTIME140.dll+0x1989]
V  [jvm.dll+0x6ba9c3]
V  [jvm.dll+0x6b96f0]
V  [jvm.dll+0x6b929e]
V  [jvm.dll+0x38bfb2]
V  [jvm.dll+0x7a1e33]
V  [jvm.dll+0x40dc3f]
V  [jvm.dll+0x40f611]
C  [jli.dll+0x526b]
C  [ucrtbase.dll+0x21bb2]
C  [KERNEL32.DLL+0x17034]
C  [ntdll.dll+0x526a1]


siginfo: EXCEPTION_IN_PAGE_ERROR (0xc0000006), writing address 0x00000221d50d0000


Registers:
RAX=0x0000000000000000, RBX=0x00000221d50d0000, RCX=0x0000000000010000, RDX=0x0000000000000000
RSP=0x000000ffb1eff0a0, RBP=0x00000221d58eba70, RSI=0x00000221d3711680, RDI=0x00000221d50d0000
R8 =0x0000000000010000, R9 =0x0000000000000000, R10=0x0000000000000000, R11=0x00000221d50d0000
R12=0x0000000000000001, R13=0x00007ffcc8df8390, R14=0x00000221d36f5970, R15=0x0000000000010000
RIP=0x00007ffd29dd1989, EFLAGS=0x0000000000010202

Top of Stack: (sp=0x000000ffb1eff0a0)
0x000000ffb1eff0a0:   0000000000000000 00007ffcc8b2a9c3
0x000000ffb1eff0b0:   00000221d58eba70 00000221d3711680
0x000000ffb1eff0c0:   00000221d3711680 000000000000014c
0x000000ffb1eff0d0:   0000000000010000 000000ffb1eff0f0
0x000000ffb1eff0e0:   000000ffb1eff360 0000022100000104
0x000000ffb1eff0f0:   0000010100000103 00000221d58eba74
0x000000ffb1eff100:   0000000000000000 0000000000000020
0x000000ffb1eff110:   0000000000000014 0000000000000004
0x000000ffb1eff120:   00000221d36e0000 000000ffb1eff1e9
0x000000ffb1eff130:   0000000000000002 00007ffd508fb3c7
0x000000ffb1eff140:   00000221005c3a43 0000000000000000
0x000000ffb1eff150:   0000000000000014 0000022100000000
0x000000ffb1eff160:   0000000200008ad6 000000000000025e
0x000000ffb1eff170:   0000000200000000 00007ffd50a3a540
0x000000ffb1eff180:   09dd845400000000 0000000000000000
0x000000ffb1eff190:   000000000003000d 0000000000000000 

Instructions: (pc=0x00007ffd29dd1989)
0x00007ffd29dd1889:   49 03 c8 0f 10 44 11 f0 48 83 e9 10 49 83 e8 10
0x00007ffd29dd1899:   f6 c1 0f 74 17 48 8b c1 48 83 e1 f0 0f 10 c8 0f
0x00007ffd29dd18a9:   10 04 11 0f 11 08 4c 8b c1 4d 2b c3 4d 8b c8 49
0x00007ffd29dd18b9:   c1 e9 07 74 6f 0f 29 01 eb 14 66 66 66 66 66 0f
0x00007ffd29dd18c9:   1f 84 00 00 00 00 00 0f 29 41 10 0f 29 09 0f 10
0x00007ffd29dd18d9:   44 11 f0 0f 10 4c 11 e0 48 81 e9 80 00 00 00 0f
0x00007ffd29dd18e9:   29 41 70 0f 29 49 60 0f 10 44 11 50 0f 10 4c 11
0x00007ffd29dd18f9:   40 49 ff c9 0f 29 41 50 0f 29 49 40 0f 10 44 11
0x00007ffd29dd1909:   30 0f 10 4c 11 20 0f 29 41 30 0f 29 49 20 0f 10
0x00007ffd29dd1919:   44 11 10 0f 10 0c 11 75 ae 0f 29 41 10 49 83 e0
0x00007ffd29dd1929:   7f 0f 28 c1 4d 8b c8 49 c1 e9 04 74 1a 66 66 0f
0x00007ffd29dd1939:   1f 84 00 00 00 00 00 0f 11 01 48 83 e9 10 0f 10
0x00007ffd29dd1949:   04 11 49 ff c9 75 f0 49 83 e0 0f 74 08 41 0f 10
0x00007ffd29dd1959:   0a 41 0f 11 0b 0f 11 01 49 8b c3 c3 cc cc cc cc
0x00007ffd29dd1969:   cc cc cc cc cc cc cc cc cc cc cc cc cc 66 66 0f
0x00007ffd29dd1979:   1f 84 00 00 00 00 00 57 8b c2 48 8b f9 49 8b c8
0x00007ffd29dd1989:   f3 aa 49 8b c3 5f c3 cc cc cc cc cc cc 66 66 0f
0x00007ffd29dd1999:   1f 84 00 00 00 00 00 4c 8b d9 0f b6 d2 49 b9 01
0x00007ffd29dd19a9:   01 01 01 01 01 01 01 4c 0f af ca 49 83 f8 10 0f
0x00007ffd29dd19b9:   86 f2 00 00 00 66 49 0f 6e c1 66 0f 60 c0 49 81
0x00007ffd29dd19c9:   f8 80 00 00 00 77 10 e9 6b 00 00 00 66 66 66 0f
0x00007ffd29dd19d9:   1f 84 00 00 00 00 00 f6 05 d5 39 01 00 02 75 97
0x00007ffd29dd19e9:   0f 11 01 4c 03 c1 48 83 c1 10 48 83 e1 f0 4c 2b
0x00007ffd29dd19f9:   c1 4d 8b c8 49 c1 e9 07 74 3d 4c 3b 0d 1e 36 01
0x00007ffd29dd1a09:   00 0f 87 60 00 00 00 0f 29 01 0f 29 41 10 48 81
0x00007ffd29dd1a19:   c1 80 00 00 00 0f 29 41 a0 0f 29 41 b0 49 ff c9
0x00007ffd29dd1a29:   0f 29 41 c0 0f 29 41 d0 0f 29 41 e0 66 0f 29 41
0x00007ffd29dd1a39:   f0 75 d4 49 83 e0 7f 4d 8b c8 49 c1 e9 04 74 13
0x00007ffd29dd1a49:   0f 1f 80 00 00 00 00 0f 11 01 48 83 c1 10 49 ff
0x00007ffd29dd1a59:   c9 75 f4 49 83 e0 0f 74 06 42 0f 11 44 01 f0 49
0x00007ffd29dd1a69:   8b c3 c3 0f 1f 40 00 0f 2b 01 0f 2b 41 10 48 81
0x00007ffd29dd1a79:   c1 80 00 00 00 0f 2b 41 a0 0f 2b 41 b0 49 ff c9 



---------------  P R O C E S S  ---------------

VM state: not at safepoint (not fully initialized)

VM Mutex/Monitor currently owned by a thread: None

Heap address: 0x0000000000000000, size: 0 MB, Compressed Oops mode: 32-bit

CDS archive(s) mapped at: [0x0000000000000000-0x0000000000000000-0x0000000000000000), size 0, SharedBaseAddress: 0x0000000800000000, ArchiveRelocationMode: 0.
Narrow klass base: 0x0000000000000000, Narrow klass shift: 0, Narrow klass range: 0x0

GC Precious Log:
<Not initialized>

Deoptimization events (0 events):
No events

Classes loaded (0 events):
No events

Classes unloaded (0 events):
No events

Classes redefined (0 events):
No events

Internal exceptions (0 events):
No events

VM Operations (0 events):
No events

Events (0 events):
No events


Dynamic libraries:
0x00007ff606c50000 - 0x00007ff606c60000 	D:\JDK\bin\java.exe
0x00007ffd508d0000 - 0x00007ffd50ac8000 	C:\WINDOWS\SYSTEM32\ntdll.dll
0x00007ffd4f890000 - 0x00007ffd4f94d000 	C:\WINDOWS\System32\KERNEL32.DLL
0x00007ffd4e5b0000 - 0x00007ffd4e882000 	C:\WINDOWS\System32\KERNELBASE.dll
0x00007ffd4e4b0000 - 0x00007ffd4e5b0000 	C:\WINDOWS\System32\ucrtbase.dll
0x00007ffd42010000 - 0x00007ffd42028000 	D:\JDK\bin\jli.dll
0x00007ffd4ff60000 - 0x00007ffd5000e000 	C:\WINDOWS\System32\ADVAPI32.dll
0x00007ffd4f700000 - 0x00007ffd4f79e000 	C:\WINDOWS\System32\msvcrt.dll
0x00007ffd4ef00000 - 0x00007ffd4ef9c000 	C:\WINDOWS\System32\sechost.dll
0x00007ffd50010000 - 0x00007ffd50135000 	C:\WINDOWS\System32\RPCRT4.dll
0x00007ffd4f150000 - 0x00007ffd4f2ed000 	C:\WINDOWS\System32\USER32.dll
0x00007ffd4e480000 - 0x00007ffd4e4a2000 	C:\WINDOWS\System32\win32u.dll
0x00007ffd4f500000 - 0x00007ffd4f52b000 	C:\WINDOWS\System32\GDI32.dll
0x00007ffd4e1e0000 - 0x00007ffd4e2ef000 	C:\WINDOWS\System32\gdi32full.dll
0x00007ffd4e890000 - 0x00007ffd4e92d000 	C:\WINDOWS\System32\msvcp_win.dll
0x00007ffd29dd0000 - 0x00007ffd29dea000 	D:\JDK\bin\VCRUNTIME140.dll
0x00007ffd372c0000 - 0x00007ffd3755a000 	C:\WINDOWS\WinSxS\amd64_microsoft.windows.common-controls_6595b64144ccf1df_6.0.19041.1110_none_60b5254171f9507e\COMCTL32.dll
0x00007ffd42f00000 - 0x00007ffd42f0a000 	C:\WINDOWS\SYSTEM32\VERSION.dll
0x00007ffd4f4d0000 - 0x00007ffd4f500000 	C:\WINDOWS\System32\IMM32.DLL
0x00007ffd46530000 - 0x00007ffd4653c000 	D:\JDK\bin\vcruntime140_1.dll
0x00007ffd0caa0000 - 0x00007ffd0cb2d000 	D:\JDK\bin\msvcp140.dll
0x00007ffcc8470000 - 0x00007ffcc9081000 	D:\JDK\bin\server\jvm.dll
0x00007ffd4ea60000 - 0x00007ffd4ea68000 	C:\WINDOWS\System32\PSAPI.DLL
0x00007ffd492e0000 - 0x00007ffd492e9000 	C:\WINDOWS\SYSTEM32\WSOCK32.dll
0x00007ffd4f680000 - 0x00007ffd4f6eb000 	C:\WINDOWS\System32\WS2_32.dll
0x00007ffd41be0000 - 0x00007ffd41c07000 	C:\WINDOWS\SYSTEM32\WINMM.dll
0x00007ffd4bea0000 - 0x00007ffd4beb2000 	C:\WINDOWS\SYSTEM32\kernel.appcore.dll
0x00007ffd2b570000 - 0x00007ffd2b57a000 	D:\JDK\bin\jimage.dll
0x00007ffd47f70000 - 0x00007ffd48154000 	C:\WINDOWS\SYSTEM32\DBGHELP.DLL
0x00007ffd47cd0000 - 0x00007ffd47cfc000 	C:\WINDOWS\SYSTEM32\dbgcore.DLL
0x00007ffd4e050000 - 0x00007ffd4e0d2000 	C:\WINDOWS\System32\bcryptPrimitives.dll

dbghelp: loaded successfully - version: 4.0.5 - missing functions: none
symbol engine: initialized successfully - sym options: 0x614 - pdb path: .;D:\JDK\bin;C:\WINDOWS\SYSTEM32;C:\WINDOWS\WinSxS\amd64_microsoft.windows.common-controls_6595b64144ccf1df_6.0.19041.1110_none_60b5254171f9507e;D:\JDK\bin\server

VM Arguments:
jvm_args: -Dfile.encoding=UTF-8 
java_command: curso.java.main
java_class_path (initial): D:\POO\Curso de Java\Curso Java\build\classes
Launcher Type: SUN_STANDARD

[Global flags]
     uint ConcGCThreads                            = 1                                         {product} {ergonomic}
     uint G1ConcRefinementThreads                  = 4                                         {product} {ergonomic}
    uintx GCDrainStackTargetSize                   = 64                                        {product} {ergonomic}
   size_t InitialHeapSize                          = 132294400                                 {product} {ergonomic}
   size_t MarkStackSize                            = 4194304                                   {product} {ergonomic}
   size_t MaxHeapSize                              = 2116710400                                {product} {ergonomic}
   size_t MinHeapSize                              = 6815736                                   {product} {ergonomic}
    uintx ReservedCodeCacheSize                    = 251658240                              {pd product} {ergonomic}
     bool SegmentedCodeCache                       = true                                      {product} {ergonomic}
     bool UseCompressedClassPointers               = true                           {product lp64_product} {ergonomic}
     bool UseCompressedOops                        = true                           {product lp64_product} {ergonomic}
     bool UseG1GC                                  = true                                      {product} {ergonomic}
     bool UseLargePagesIndividualAllocation        = false                                  {pd product} {ergonomic}

Logging:
Log output configuration:
 #0: stdout all=warning uptime,level,tags foldmultilines=false
 #1: stderr all=off uptime,level,tags foldmultilines=false

Environment Variables:
PATH=C:\Program Files\Common Files\Oracle\Java\javapath;C:\WINDOWS\system32;C:\WINDOWS;C:\WINDOWS\System32\Wbem;C:\WINDOWS\System32\WindowsPowerShell\v1.0\;C:\WINDOWS\System32\OpenSSH\;D:\SQL\sql x86\150\Tools\Binn\;D:\SQL\sql caracteristicas\150\Tools\Binn\;D:\SQL\sql x86\150\DTS\Binn\;D:\SQL\sql caracteristicas\150\DTS\Binn\;D:\SQL\sql caracteristicas\Client SDK\ODBC\170\Tools\Binn\;C:\Program Files\Azure Data Studio\bin;D:\PYTHON\Scripts\;D:\PYTHON\;C:\Users\jegar\AppData\Local\Microsoft\WindowsApps;;C:\Program Files\Azure Data Studio\bin;D:\VISUAL\Microsoft VS Code\bin
USERNAME=jegar
OS=Windows_NT
PROCESSOR_IDENTIFIER=Intel64 Family 6 Model 58 Stepping 9, GenuineIntel



---------------  S Y S T E M  ---------------

OS:
 Windows 10 , 64 bit Build 19041 (10.0.19041.1889)
OS uptime: 0 days 12:01 hours

CPU: total 4 (initial active 4) 

Memory: 4k page, system-wide physical 8074M (1997M free)
TotalPageFile size 10586M (AvailPageFile size 2114M)
current process WorkingSet (physical memory assigned to process): 8M, peak: 8M
current process commit charge ("private bytes"): 3M, peak: 3M

vm_info: Java HotSpot(TM) 64-Bit Server VM (18.0.2.1+1-1) for windows-amd64 JRE (18.0.2.1+1-1), built on Aug 16 2022 01:46:33 by "mach5one" with MS VC++ 16.8 / 16.9 (VS2019)

END.
